<?xml version="1.0" encoding="UTF-8"?>
<!-- Generated by org.testng.reporters.JUnitXMLReporter -->
<testsuite ignored="0" hostname="VenkataRaghavendrasaiGoli" failures="0" tests="10" name="Test" time="7.46" errors="0" timestamp="2023-10-28T20:17:33 IST">
  <testcase classname="com.learning.RestAssured.testScripts.TestCase1_PostMethod" name="testcase1" time="2.733"/>
  <testcase classname="com.learning.RestAssured.testScripts.TestCase2_GETAllMethod" name="testcase2" time="0.082"/>
  <testcase classname="com.learning.RestAssured.testScripts.TestCase3_GETParticular" name="testcase3" time="0.06"/>
  <testcase classname="com.learning.RestAssured.testScripts.TestCase4_UpdateMethod" name="testcase4" time="0.072"/>
  <testcase classname="com.learning.RestAssured.testScripts.TestCase5_DeleteMethod" name="testcase5" time="0.06"/>
  <testcase classname="com.learning.RestAssured.testScripts.TestCase6_GETAllEmployeesAndPrintEmployeeID" name="testcase6" time="1.113"/>
  <testcase classname="com.learning.RestAssured.testScripts.TestCase7_GETParticularReqRes" name="testcase7" time="0.594"/>
  <testcase classname="com.learning.RestAssured.testScripts.TestCase8_PostMethodReqRes" name="testcase8" time="1.55"/>
  <testcase classname="com.learning.RestAssured.testScripts.TestCase9_UpdateMethod_ReqRes" name="testcase9" time="0.49"/>
  <testcase classname="com.learning.RestAssured.testScripts.TestCase10_DeleteMethod_ReqRes" name="testcase10" time="0.615"/>
</testsuite> <!-- Test -->
